#
# There is insufficient memory for the Java Runtime Environment to continue.
# Native memory allocation (mmap) failed to map 116391936 bytes for committing reserved memory.
# Possible reasons:
#   The system is out of physical RAM or swap space
#   The process is running with CompressedOops enabled, and the Java Heap may be blocking the growth of the native heap
# Possible solutions:
#   Reduce memory load on the system
#   Increase physical memory or swap space
#   Check if swap backing store is full
#   Decrease Java heap size (-Xmx/-Xms)
#   Decrease number of Java threads
#   Decrease Java thread stack sizes (-Xss)
#   Set larger code cache with -XX:ReservedCodeCacheSize=
#   JVM is running with Unscaled Compressed Oops mode in which the Java heap is
#     placed in the first 4GB address space. The Java Heap base address is the
#     maximum limit for the native heap growth. Please use -XX:HeapBaseMinAddress
#     to set the Java Heap base and to place the Java Heap above 4GB virtual address.
# This output file may be truncated or incomplete.
#
#  Out of Memory Error (os_linux.cpp:2741), pid=12629, tid=12633
#
# JRE version: OpenJDK Runtime Environment Temurin-17.0.2+8 (17.0.2+8) (build 17.0.2+8)
# Java VM: OpenJDK 64-Bit Server VM Temurin-17.0.2+8 (17.0.2+8, mixed mode, tiered, compressed oops, compressed class ptrs, parallel gc, linux-amd64)
# Core dump will be written. Default location: Core dumps may be processed with "/usr/share/apport/apport %p %s %c %d %P %E" (or dumping to /home/suraj/Desktop/Marvellous/LBAssignment/Assignment7/core.12629)
#

---------------  S U M M A R Y ------------

Command Line: --add-modules=ALL-SYSTEM --add-opens=java.base/java.util=ALL-UNNAMED --add-opens=java.base/java.lang=ALL-UNNAMED --add-opens=java.base/sun.nio.fs=ALL-UNNAMED -Declipse.application=org.eclipse.jdt.ls.core.id1 -Dosgi.bundles.defaultStartLevel=4 -Declipse.product=org.eclipse.jdt.ls.core.product -Djava.import.generatesMetadataFilesAtProjectRoot=false -Dfile.encoding=utf8 -XX:+UseParallelGC -XX:GCTimeRatio=4 -XX:AdaptiveSizePolicyWeight=90 -Dsun.zip.disableMemoryMapping=true -Xmx1G -Xms100m -XX:+HeapDumpOnOutOfMemoryError -XX:HeapDumpPath=/home/suraj/.config/Code/User/workspaceStorage/6afc52e8689ae157cf4025eba6baaa20/redhat.java /home/suraj/.vscode/extensions/redhat.java-1.4.0/server/plugins/org.eclipse.equinox.launcher_1.6.400.v20210924-0641.jar -configuration /home/suraj/.config/Code/User/globalStorage/redhat.java/1.4.0/config_linux -data /home/suraj/.config/Code/User/workspaceStorage/6afc52e8689ae157cf4025eba6baaa20/redhat.java/jdt_ws

Host: Intel(R) Core(TM) i3-6006U CPU @ 2.00GHz, 4 cores, 7G, Ubuntu 18.04.6 LTS
Time: Thu May  5 10:52:20 2022 IST elapsed time: 69.813700 seconds (0d 0h 1m 9s)

---------------  T H R E A D  ---------------

Current thread (0x00007f84f0150990):  VMThread "VM Thread" [stack: 0x00007f84d85e8000,0x00007f84d86e8000] [id=12633]

Stack: [0x00007f84d85e8000,0x00007f84d86e8000],  sp=0x00007f84d86e6100,  free space=1016k
Native frames: (J=compiled Java code, j=interpreted, Vv=VM code, C=native code)
V  [libjvm.so+0xf81ea1]  VMError::report_and_die(int, char const*, char const*, __va_list_tag*, Thread*, unsigned char*, void*, void*, char const*, int, unsigned long)+0x1a1
V  [libjvm.so+0xf82b2b]  VMError::report_and_die(Thread*, char const*, int, unsigned long, VMErrorType, char const*, __va_list_tag*)+0x2b
V  [libjvm.so+0x61d6ad]  report_vm_out_of_memory(char const*, int, unsigned long, VMErrorType, char const*, ...)+0xcd
V  [libjvm.so+0xc3dc72]  os::pd_commit_memory(char*, unsigned long, unsigned long, bool)+0x102
V  [libjvm.so+0xc36f8f]  os::commit_memory(char*, unsigned long, unsigned long, bool)+0x1f
V  [libjvm.so+0xcbfad6]  PSVirtualSpace::expand_by(unsigned long)+0x56
V  [libjvm.so+0xcae117]  PSOldGen::expand(unsigned long)+0x77
V  [libjvm.so+0xcae54d]  PSOldGen::resize(unsigned long)+0x12d
V  [libjvm.so+0xcb50ac]  PSParallelCompact::invoke_no_policy(bool) [clone .part.311]+0x6dc
V  [libjvm.so+0xcbcfb6]  PSScavenge::invoke()+0xb6
V  [libjvm.so+0xc624ea]  ParallelScavengeHeap::failed_mem_allocate(unsigned long)+0x2a
V  [libjvm.so+0xcbf8fd]  VM_ParallelGCFailedAllocation::doit()+0x4d
V  [libjvm.so+0xf871c3]  VM_Operation::evaluate()+0x173
V  [libjvm.so+0xf88cc6]  VMThread::evaluate_operation(VM_Operation*)+0x106
V  [libjvm.so+0xf89235]  VMThread::inner_execute(VM_Operation*)+0x1d5
V  [libjvm.so+0xf8950f]  VMThread::run()+0xbf
V  [libjvm.so+0xf062e2]  Thread::call_run()+0xe2
V  [libjvm.so+0xc40b81]  thread_native_entry(Thread*)+0xe1

VM_Operation (0x00007f84c93fdf50): ParallelGCFailedAllocation, mode: safepoint, requested by thread 0x00007f8490553d80


---------------  P R O C E S S  ---------------

Threads class SMR info:
_java_thread_list=0x00007f846816b2a0, length=29, elements={
0x00007f84f00259f0, 0x00007f84f0160960, 0x00007f84f0161ed0, 0x00007f84f0189a50,
0x00007f84f018d360, 0x00007f84f018e2b0, 0x00007f84f018f900, 0x00007f84f0190db0,
0x00007f84f01921f0, 0x00007f84f01f7300, 0x00007f84f0253580, 0x00007f84f0357fa0,
0x00007f84f044eb30, 0x00007f84f04a0360, 0x00007f84f04a3090, 0x00007f8490033eb0,
0x00007f8490267c70, 0x00007f8490310bb0, 0x00007f847c000f10, 0x00007f847c008210,
0x00007f8490553d80, 0x00007f84f04ea2c0, 0x00007f84f0583300, 0x00007f8470001010,
0x00007f8464000e30, 0x00007f8460110730, 0x00007f8484034b80, 0x00007f84600cb210,
0x00007f8460145d80
}

Java Threads: ( => current thread )
  0x00007f84f00259f0 JavaThread "main" [_thread_blocked, id=12630, stack(0x00007f84f9af2000,0x00007f84f9bf3000)]
  0x00007f84f0160960 JavaThread "Reference Handler" daemon [_thread_blocked, id=12636, stack(0x00007f84d84e5000,0x00007f84d85e6000)]
  0x00007f84f0161ed0 JavaThread "Finalizer" daemon [_thread_blocked, id=12637, stack(0x00007f84d83e4000,0x00007f84d84e5000)]
  0x00007f84f0189a50 JavaThread "Signal Dispatcher" daemon [_thread_blocked, id=12638, stack(0x00007f84d8005000,0x00007f84d8106000)]
  0x00007f84f018d360 JavaThread "Service Thread" daemon [_thread_blocked, id=12639, stack(0x00007f84cbeff000,0x00007f84cc000000)]
  0x00007f84f018e2b0 JavaThread "Monitor Deflation Thread" daemon [_thread_blocked, id=12640, stack(0x00007f84cbdfe000,0x00007f84cbeff000)]
  0x00007f84f018f900 JavaThread "C2 CompilerThread0" daemon [_thread_blocked, id=12641, stack(0x00007f84cbcfd000,0x00007f84cbdfe000)]
  0x00007f84f0190db0 JavaThread "C1 CompilerThread0" daemon [_thread_blocked, id=12642, stack(0x00007f84cbbfc000,0x00007f84cbcfd000)]
  0x00007f84f01921f0 JavaThread "Sweeper thread" daemon [_thread_blocked, id=12643, stack(0x00007f84cbafb000,0x00007f84cbbfc000)]
  0x00007f84f01f7300 JavaThread "Common-Cleaner" daemon [_thread_blocked, id=12646, stack(0x00007f84cb9fa000,0x00007f84cbafb000)]
  0x00007f84f0253580 JavaThread "Notification Thread" daemon [_thread_blocked, id=12649, stack(0x00007f84cb8f9000,0x00007f84cb9fa000)]
  0x00007f84f0357fa0 JavaThread "process reaper" daemon [_thread_blocked, id=12652, stack(0x00007f84f9a20000,0x00007f84f9a42000)]
  0x00007f84f044eb30 JavaThread "Active Thread: Equinox Container: 1d743134-15ef-4cbc-8e38-f86d7fc4c0c9" [_thread_blocked, id=12660, stack(0x00007f84cb2cd000,0x00007f84cb3ce000)]
  0x00007f84f04a0360 JavaThread "Framework Event Dispatcher: Equinox Container: 1d743134-15ef-4cbc-8e38-f86d7fc4c0c9" daemon [_thread_blocked, id=12662, stack(0x00007f84cb1cc000,0x00007f84cb2cd000)]
  0x00007f84f04a3090 JavaThread "Start Level: Equinox Container: 1d743134-15ef-4cbc-8e38-f86d7fc4c0c9" daemon [_thread_blocked, id=12663, stack(0x00007f84cb0cb000,0x00007f84cb1cc000)]
  0x00007f8490033eb0 JavaThread "SCR Component Actor" daemon [_thread_blocked, id=12667, stack(0x00007f84ca1e8000,0x00007f84ca2e9000)]
  0x00007f8490267c70 JavaThread "Worker-JM" [_thread_blocked, id=12671, stack(0x00007f84c9fe6000,0x00007f84ca0e7000)]
  0x00007f8490310bb0 JavaThread "Worker-0" [_thread_blocked, id=12673, stack(0x00007f84c9ee5000,0x00007f84c9fe6000)]
  0x00007f847c000f10 JavaThread "Worker-1: Java indexing... " [_thread_blocked, id=12674, stack(0x00007f84c9de4000,0x00007f84c9ee5000)]
  0x00007f847c008210 JavaThread "Worker-2" [_thread_blocked, id=12676, stack(0x00007f84c9ce3000,0x00007f84c9de4000)]
  0x00007f8490553d80 JavaThread "Java indexing" daemon [_thread_blocked, id=12677, stack(0x00007f84c92ff000,0x00007f84c9400000)]
  0x00007f84f04ea2c0 JavaThread "pool-3-thread-1" [_thread_blocked, id=12695, stack(0x00007f84c86ff000,0x00007f84c8800000)]
  0x00007f84f0583300 JavaThread "pool-2-thread-1" [_thread_in_native, id=12700, stack(0x00007f84c85fe000,0x00007f84c86ff000)]
  0x00007f8470001010 JavaThread "Worker-3" [_thread_blocked, id=12701, stack(0x00007f84c84fd000,0x00007f84c85fe000)]
  0x00007f8464000e30 JavaThread "Worker-4" [_thread_blocked, id=12702, stack(0x00007f84c83fc000,0x00007f84c84fd000)]
  0x00007f8460110730 JavaThread "ForkJoinPool.commonPool-worker-1" daemon [_thread_blocked, id=12754, stack(0x00007f84ca0e7000,0x00007f84ca1e8000)]
  0x00007f8484034b80 JavaThread "ForkJoinPool.commonPool-worker-2" daemon [_thread_blocked, id=12756, stack(0x00007f84c82fb000,0x00007f84c83fc000)]
  0x00007f84600cb210 JavaThread "ForkJoinPool.commonPool-worker-3" daemon [_thread_blocked, id=12757, stack(0x00007f84c81fa000,0x00007f84c82fb000)]
  0x00007f8460145d80 JavaThread "Bundle File Closer" daemon [_thread_blocked, id=12798, stack(0x00007f8455eff000,0x00007f8456000000)]

Other Threads:
=>0x00007f84f0150990 VMThread "VM Thread" [stack: 0x00007f84d85e8000,0x00007f84d86e8000] [id=12633]
  0x00007f84f006fdf0 WatcherThread [stack: 0x00007f84cb7f9000,0x00007f84cb8f9000] [id=12650]
  0x00007f84f003c710 GCTaskThread "GC Thread#0" [stack: 0x00007f84e03b5000,0x00007f84e04b5000] [id=12631]
  0x00007f84d40010e0 GCTaskThread "GC Thread#1" [stack: 0x00007f84ca4ef000,0x00007f84ca5ef000] [id=12664]
  0x00007f84d4001ae0 GCTaskThread "GC Thread#2" [stack: 0x00007f84ca3ed000,0x00007f84ca4ed000] [id=12665]
  0x00007f84d40024e0 GCTaskThread "GC Thread#3" [stack: 0x00007f84ca2eb000,0x00007f84ca3eb000] [id=12666]

Threads with active compile tasks:
C2 CompilerThread0    70139 5304 %     4       org.eclipse.jdt.internal.core.search.indexing.BinaryIndexer::extractReferenceFromConstantPool @ 15 (341 bytes)

VM state: at safepoint (normal execution)

VM Mutex/Monitor currently owned by a thread:  ([mutex/lock_event])
[0x00007f84f00203f0] ExpandHeap_lock - owner thread: 0x00007f84f0150990
[0x00007f84f0020af0] Threads_lock - owner thread: 0x00007f84f0150990
[0x00007f84f00212a0] Heap_lock - owner thread: 0x00007f8490553d80

Heap address: 0x00000000c0000000, size: 1024 MB, Compressed Oops mode: 32-bit

CDS archive(s) not mapped
Compressed class space mapped at: 0x0000000100000000-0x0000000140000000, reserved size: 1073741824
Narrow klass base: 0x0000000000000000, Narrow klass shift: 3, Narrow klass range: 0x140000000

GC Precious Log:
 CPUs: 4 total, 4 available
 Memory: 7760M
 Large Page Support: Disabled
 NUMA Support: Disabled
 Compressed Oops: Enabled (32-bit)
 Alignments: Space 512K, Generation 512K, Heap 2M
 Heap Min Capacity: 100M
 Heap Initial Capacity: 100M
 Heap Max Capacity: 1G
 Pre-touch: Disabled
 Parallel Workers: 4

Heap:
 PSYoungGen      total 79360K, used 7803K [0x00000000eab00000, 0x00000000f1600000, 0x0000000100000000)
  eden space 66048K, 0% used [0x00000000eab00000,0x00000000eab00000,0x00000000eeb80000)
  from space 13312K, 58% used [0x00000000f0900000,0x00000000f109ee88,0x00000000f1600000)
  to   space 20480K, 0% used [0x00000000eee00000,0x00000000eee00000,0x00000000f0200000)
 ParOldGen       total 246272K, used 246058K [0x00000000c0000000, 0x00000000cf080000, 0x00000000eab00000)
  object space 246272K, 99% used [0x00000000c0000000,0x00000000cf04aa90,0x00000000cf080000)
 Metaspace       used 56854K, committed 57664K, reserved 1105920K
  class space    used 6139K, committed 6464K, reserved 1048576K

Card table byte_map: [0x00007f84e04b5000,0x00007f84e06b6000] _byte_map_base: 0x00007f84dfeb5000

Marking Bits: (ParMarkBitMap*) 0x00007f84f8d7c4a0
 Begin Bits: [0x00007f84da000000, 0x00007f84db000000)
 End Bits:   [0x00007f84db000000, 0x00007f84dc000000)

Polling page: 0x00007f84f9c0a000

Metaspace:

Usage:
  Non-class:     49.53 MB used.
      Class:      6.00 MB used.
       Both:     55.52 MB used.

Virtual space:
  Non-class space:       56.00 MB reserved,      50.00 MB ( 89%) committed,  7 nodes.
      Class space:        1.00 GB reserved,       6.31 MB ( <1%) committed,  1 nodes.
             Both:        1.05 GB reserved,      56.31 MB (  5%) committed. 

Chunk freelists:
   Non-Class:  1.98 MB
       Class:  1.64 MB
        Both:  3.63 MB

MaxMetaspaceSize: unlimited
CompressedClassSpaceSize: 1.00 GB
Initial GC threshold: 21.00 MB
Current GC threshold: 93.69 MB
CDS: off
MetaspaceReclaimPolicy: balanced
 - commit_granule_bytes: 65536.
 - commit_granule_words: 8192.
 - virtual_space_node_default_size: 1048576.
 - enlarge_chunks_in_place: 1.
 - new_chunks_are_fully_committed: 0.
 - uncommit_free_chunks: 1.
 - use_allocation_guard: 0.
 - handle_deallocations: 1.


Internal statistics:

num_allocs_failed_limit: 8.
num_arena_births: 340.
num_arena_deaths: 0.
num_vsnodes_births: 8.
num_vsnodes_deaths: 0.
num_space_committed: 901.
num_space_uncommitted: 0.
num_chunks_returned_to_freelist: 8.
num_chunks_taken_from_freelist: 2473.
num_chunk_merges: 8.
num_chunk_splits: 1585.
num_chunks_enlarged: 970.
num_purges: 0.
num_inconsistent_stats: 0.

CodeHeap 'non-profiled nmethods': size=120032Kb used=2222Kb max_used=2222Kb free=117809Kb
 bounds [0x00007f84e8269000, 0x00007f84e84d9000, 0x00007f84ef7a1000]
CodeHeap 'profiled nmethods': size=120028Kb used=10765Kb max_used=10765Kb free=109262Kb
 bounds [0x00007f84e0d32000, 0x00007f84e17c2000, 0x00007f84e8269000]
CodeHeap 'non-nmethods': size=5700Kb used=1305Kb max_used=1408Kb free=4394Kb
 bounds [0x00007f84e07a1000, 0x00007f84e0a11000, 0x00007f84e0d32000]
 total_blobs=5814 nmethods=5170 adapters=559
 compilation: enabled
              stopped_count=0, restarted_count=0
 full_count=0

Compilation events (20 events):
Event: 20.487 Thread 0x00007f84f0190db0 5341 %     3       java.nio.file.Files::read @ 9 (103 bytes)
Event: 20.508 Thread 0x00007f84f0190db0 nmethod 5341% 0x00007f84e17af710 code [0x00007f84e17af940, 0x00007f84e17b0280]
Event: 20.760 Thread 0x00007f84f0190db0 5343       2       org.eclipse.jdt.internal.core.search.indexing.AbstractIndexer::addModuleExportedPackages (33 bytes)
Event: 20.776 Thread 0x00007f84f0190db0 nmethod 5343 0x00007f84e17b0590 code [0x00007f84e17b0760, 0x00007f84e17b09e0]
Event: 20.776 Thread 0x00007f84f0190db0 5344       2       org.eclipse.jdt.internal.core.search.matching.ModulePattern::createIndexKey (2 bytes)
Event: 20.776 Thread 0x00007f84f0190db0 nmethod 5344 0x00007f84e17b0c10 code [0x00007f84e17b0da0, 0x00007f84e17b0e90]
Event: 20.810 Thread 0x00007f84f0190db0 5345 %     3       org.eclipse.jdt.internal.core.search.matching.TypeDeclarationPattern::createIndexKey @ 185 (300 bytes)
Event: 20.842 Thread 0x00007f84f0190db0 nmethod 5345% 0x00007f84e17b0f10 code [0x00007f84e17b1140, 0x00007f84e17b1ca0]
Event: 21.521 Thread 0x00007f84f0190db0 5347       3       org.eclipse.jdt.internal.core.search.matching.TypeDeclarationPattern::createIndexKey (300 bytes)
Event: 21.848 Thread 0x00007f84f0190db0 nmethod 5347 0x00007f84e17b2110 code [0x00007f84e17b2320, 0x00007f84e17b2d40]
Event: 21.897 Thread 0x00007f84f018f900 nmethod 5332 0x00007f84e847ef90 code [0x00007f84e847fc40, 0x00007f84e848c848]
Event: 21.970 Thread 0x00007f84f0190db0 5350       3       org.eclipse.jdt.internal.compiler.util.Util::isClassFileName (82 bytes)
Event: 21.970 Thread 0x00007f84f018f900 5349       4       org.eclipse.jdt.core.Signature::checkArrayDimension (92 bytes)
Event: 22.799 Thread 0x00007f84f0190db0 nmethod 5350 0x00007f84e17b3110 code [0x00007f84e17b3360, 0x00007f84e17b3cf0]
Event: 22.810 Thread 0x00007f84f018f900 nmethod 5349 0x00007f84e8494510 code [0x00007f84e84946a0, 0x00007f84e8494938]
Event: 22.831 Thread 0x00007f84f0190db0 5348       3       java.nio.file.Files::read (103 bytes)
Event: 22.831 Thread 0x00007f84f018f900 5304 %     4       org.eclipse.jdt.internal.core.search.indexing.BinaryIndexer::extractReferenceFromConstantPool @ 15 (341 bytes)
Event: 23.265 Thread 0x00007f84f0190db0 nmethod 5348 0x00007f84e17b4110 code [0x00007f84e17b4340, 0x00007f84e17b4be0]
Event: 23.390 Thread 0x00007f84f0190db0 5356       2       org.eclipse.jdt.internal.core.search.indexing.AbstractIndexer::addModuleReference (12 bytes)
Event: 23.774 Thread 0x00007f84f0190db0 nmethod 5356 0x00007f84e17b4f10 code [0x00007f84e17b50c0, 0x00007f84e17b52b0]

GC Heap History (20 events):
Event: 18.660 GC heap after
{Heap after GC invocations=46 (full 6):
 PSYoungGen      total 48640K, used 0K [0x00000000eab00000, 0x00000000ee500000, 0x0000000100000000)
  eden space 38400K, 0% used [0x00000000eab00000,0x00000000eab00000,0x00000000ed080000)
  from space 10240K, 0% used [0x00000000ed080000,0x00000000ed080000,0x00000000eda80000)
  to   space 10240K, 0% used [0x00000000edb00000,0x00000000edb00000,0x00000000ee500000)
 ParOldGen       total 245248K, used 159852K [0x00000000c0000000, 0x00000000cef80000, 0x00000000eab00000)
  object space 245248K, 65% used [0x00000000c0000000,0x00000000c9c1b320,0x00000000cef80000)
 Metaspace       used 56850K, committed 57664K, reserved 1105920K
  class space    used 6139K, committed 6464K, reserved 1048576K
}
Event: 18.825 GC heap before
{Heap before GC invocations=47 (full 6):
 PSYoungGen      total 48640K, used 38400K [0x00000000eab00000, 0x00000000ee500000, 0x0000000100000000)
  eden space 38400K, 100% used [0x00000000eab00000,0x00000000ed080000,0x00000000ed080000)
  from space 10240K, 0% used [0x00000000ed080000,0x00000000ed080000,0x00000000eda80000)
  to   space 10240K, 0% used [0x00000000edb00000,0x00000000edb00000,0x00000000ee500000)
 ParOldGen       total 245248K, used 159852K [0x00000000c0000000, 0x00000000cef80000, 0x00000000eab00000)
  object space 245248K, 65% used [0x00000000c0000000,0x00000000c9c1b320,0x00000000cef80000)
 Metaspace       used 56850K, committed 57664K, reserved 1105920K
  class space    used 6139K, committed 6464K, reserved 1048576K
}
Event: 18.835 GC heap after
{Heap after GC invocations=47 (full 6):
 PSYoungGen      total 49152K, used 9410K [0x00000000eab00000, 0x00000000ee780000, 0x0000000100000000)
  eden space 38912K, 0% used [0x00000000eab00000,0x00000000eab00000,0x00000000ed100000)
  from space 10240K, 91% used [0x00000000edb00000,0x00000000ee430858,0x00000000ee500000)
  to   space 10240K, 0% used [0x00000000ed100000,0x00000000ed100000,0x00000000edb00000)
 ParOldGen       total 245248K, used 159852K [0x00000000c0000000, 0x00000000cef80000, 0x00000000eab00000)
  object space 245248K, 65% used [0x00000000c0000000,0x00000000c9c1b320,0x00000000cef80000)
 Metaspace       used 56850K, committed 57664K, reserved 1105920K
  class space    used 6139K, committed 6464K, reserved 1048576K
}
Event: 19.047 GC heap before
{Heap before GC invocations=48 (full 6):
 PSYoungGen      total 49152K, used 48322K [0x00000000eab00000, 0x00000000ee780000, 0x0000000100000000)
  eden space 38912K, 100% used [0x00000000eab00000,0x00000000ed100000,0x00000000ed100000)
  from space 10240K, 91% used [0x00000000edb00000,0x00000000ee430858,0x00000000ee500000)
  to   space 10240K, 0% used [0x00000000ed100000,0x00000000ed100000,0x00000000edb00000)
 ParOldGen       total 245248K, used 159852K [0x00000000c0000000, 0x00000000cef80000, 0x00000000eab00000)
  object space 245248K, 65% used [0x00000000c0000000,0x00000000c9c1b320,0x00000000cef80000)
 Metaspace       used 56850K, committed 57664K, reserved 1105920K
  class space    used 6139K, committed 6464K, reserved 1048576K
}
Event: 19.073 GC heap after
{Heap after GC invocations=48 (full 6):
 PSYoungGen      total 49152K, used 10231K [0x00000000eab00000, 0x00000000efc00000, 0x0000000100000000)
  eden space 38912K, 0% used [0x00000000eab00000,0x00000000eab00000,0x00000000ed100000)
  from space 10240K, 99% used [0x00000000ed100000,0x00000000edafdeb8,0x00000000edb00000)
  to   space 20480K, 0% used [0x00000000ee800000,0x00000000ee800000,0x00000000efc00000)
 ParOldGen       total 245248K, used 168196K [0x00000000c0000000, 0x00000000cef80000, 0x00000000eab00000)
  object space 245248K, 68% used [0x00000000c0000000,0x00000000ca441300,0x00000000cef80000)
 Metaspace       used 56850K, committed 57664K, reserved 1105920K
  class space    used 6139K, committed 6464K, reserved 1048576K
}
Event: 19.294 GC heap before
{Heap before GC invocations=49 (full 6):
 PSYoungGen      total 49152K, used 49143K [0x00000000eab00000, 0x00000000efc00000, 0x0000000100000000)
  eden space 38912K, 100% used [0x00000000eab00000,0x00000000ed100000,0x00000000ed100000)
  from space 10240K, 99% used [0x00000000ed100000,0x00000000edafdeb8,0x00000000edb00000)
  to   space 20480K, 0% used [0x00000000ee800000,0x00000000ee800000,0x00000000efc00000)
 ParOldGen       total 245248K, used 168196K [0x00000000c0000000, 0x00000000cef80000, 0x00000000eab00000)
  object space 245248K, 68% used [0x00000000c0000000,0x00000000ca441300,0x00000000cef80000)
 Metaspace       used 56850K, committed 57664K, reserved 1105920K
  class space    used 6139K, committed 6464K, reserved 1048576K
}
Event: 19.329 GC heap after
{Heap after GC invocations=49 (full 6):
 PSYoungGen      total 56832K, used 14206K [0x00000000eab00000, 0x00000000ef600000, 0x0000000100000000)
  eden space 42496K, 0% used [0x00000000eab00000,0x00000000eab00000,0x00000000ed480000)
  from space 14336K, 99% used [0x00000000ee800000,0x00000000ef5dfa08,0x00000000ef600000)
  to   space 15872K, 0% used [0x00000000ed700000,0x00000000ed700000,0x00000000ee680000)
 ParOldGen       total 245248K, used 173232K [0x00000000c0000000, 0x00000000cef80000, 0x00000000eab00000)
  object space 245248K, 70% used [0x00000000c0000000,0x00000000ca92c100,0x00000000cef80000)
 Metaspace       used 56850K, committed 57664K, reserved 1105920K
  class space    used 6139K, committed 6464K, reserved 1048576K
}
Event: 19.626 GC heap before
{Heap before GC invocations=50 (full 6):
 PSYoungGen      total 56832K, used 56702K [0x00000000eab00000, 0x00000000ef600000, 0x0000000100000000)
  eden space 42496K, 100% used [0x00000000eab00000,0x00000000ed480000,0x00000000ed480000)
  from space 14336K, 99% used [0x00000000ee800000,0x00000000ef5dfa08,0x00000000ef600000)
  to   space 15872K, 0% used [0x00000000ed700000,0x00000000ed700000,0x00000000ee680000)
 ParOldGen       total 245248K, used 173232K [0x00000000c0000000, 0x00000000cef80000, 0x00000000eab00000)
  object space 245248K, 70% used [0x00000000c0000000,0x00000000ca92c100,0x00000000cef80000)
 Metaspace       used 56852K, committed 57664K, reserved 1105920K
  class space    used 6139K, committed 6464K, reserved 1048576K
}
Event: 19.651 GC heap after
{Heap after GC invocations=50 (full 6):
 PSYoungGen      total 60928K, used 15841K [0x00000000eab00000, 0x00000000f0c00000, 0x0000000100000000)
  eden space 45056K, 0% used [0x00000000eab00000,0x00000000eab00000,0x00000000ed700000)
  from space 15872K, 99% used [0x00000000ed700000,0x00000000ee6787f0,0x00000000ee680000)
  to   space 26624K, 0% used [0x00000000ef200000,0x00000000ef200000,0x00000000f0c00000)
 ParOldGen       total 245248K, used 182107K [0x00000000c0000000, 0x00000000cef80000, 0x00000000eab00000)
  object space 245248K, 74% used [0x00000000c0000000,0x00000000cb1d6ff8,0x00000000cef80000)
 Metaspace       used 56852K, committed 57664K, reserved 1105920K
  class space    used 6139K, committed 6464K, reserved 1048576K
}
Event: 20.058 GC heap before
{Heap before GC invocations=51 (full 6):
 PSYoungGen      total 60928K, used 60897K [0x00000000eab00000, 0x00000000f0c00000, 0x0000000100000000)
  eden space 45056K, 100% used [0x00000000eab00000,0x00000000ed700000,0x00000000ed700000)
  from space 15872K, 99% used [0x00000000ed700000,0x00000000ee6787f0,0x00000000ee680000)
  to   space 26624K, 0% used [0x00000000ef200000,0x00000000ef200000,0x00000000f0c00000)
 ParOldGen       total 245248K, used 182107K [0x00000000c0000000, 0x00000000cef80000, 0x00000000eab00000)
  object space 245248K, 74% used [0x00000000c0000000,0x00000000cb1d6ff8,0x00000000cef80000)
 Metaspace       used 56853K, committed 57664K, reserved 1105920K
  class space    used 6139K, committed 6464K, reserved 1048576K
}
Event: 20.109 GC heap after
{Heap after GC invocations=51 (full 6):
 PSYoungGen      total 68096K, used 19437K [0x00000000eab00000, 0x00000000f0500000, 0x0000000100000000)
  eden space 48640K, 0% used [0x00000000eab00000,0x00000000eab00000,0x00000000eda80000)
  from space 19456K, 99% used [0x00000000ef200000,0x00000000f04fb5b8,0x00000000f0500000)
  to   space 21504K, 0% used [0x00000000edb00000,0x00000000edb00000,0x00000000ef000000)
 ParOldGen       total 245248K, used 191816K [0x00000000c0000000, 0x00000000cef80000, 0x00000000eab00000)
  object space 245248K, 78% used [0x00000000c0000000,0x00000000cbb52328,0x00000000cef80000)
 Metaspace       used 56853K, committed 57664K, reserved 1105920K
  class space    used 6139K, committed 6464K, reserved 1048576K
}
Event: 20.551 GC heap before
{Heap before GC invocations=52 (full 6):
 PSYoungGen      total 68096K, used 68077K [0x00000000eab00000, 0x00000000f0500000, 0x0000000100000000)
  eden space 48640K, 100% used [0x00000000eab00000,0x00000000eda80000,0x00000000eda80000)
  from space 19456K, 99% used [0x00000000ef200000,0x00000000f04fb5b8,0x00000000f0500000)
  to   space 21504K, 0% used [0x00000000edb00000,0x00000000edb00000,0x00000000ef000000)
 ParOldGen       total 245248K, used 191816K [0x00000000c0000000, 0x00000000cef80000, 0x00000000eab00000)
  object space 245248K, 78% used [0x00000000c0000000,0x00000000cbb52328,0x00000000cef80000)
 Metaspace       used 56853K, committed 57664K, reserved 1105920K
  class space    used 6139K, committed 6464K, reserved 1048576K
}
Event: 20.621 GC heap after
{Heap after GC invocations=52 (full 6):
 PSYoungGen      total 70656K, used 21493K [0x00000000eab00000, 0x00000000f1c80000, 0x0000000100000000)
  eden space 49152K, 0% used [0x00000000eab00000,0x00000000eab00000,0x00000000edb00000)
  from space 21504K, 99% used [0x00000000edb00000,0x00000000eeffd550,0x00000000ef000000)
  to   space 31744K, 0% used [0x00000000efd80000,0x00000000efd80000,0x00000000f1c80000)
 ParOldGen       total 245248K, used 200197K [0x00000000c0000000, 0x00000000cef80000, 0x00000000eab00000)
  object space 245248K, 81% used [0x00000000c0000000,0x00000000cc381598,0x00000000cef80000)
 Metaspace       used 56853K, committed 57664K, reserved 1105920K
  class space    used 6139K, committed 6464K, reserved 1048576K
}
Event: 20.883 GC heap before
{Heap before GC invocations=53 (full 6):
 PSYoungGen      total 70656K, used 70645K [0x00000000eab00000, 0x00000000f1c80000, 0x0000000100000000)
  eden space 49152K, 100% used [0x00000000eab00000,0x00000000edb00000,0x00000000edb00000)
  from space 21504K, 99% used [0x00000000edb00000,0x00000000eeffd550,0x00000000ef000000)
  to   space 31744K, 0% used [0x00000000efd80000,0x00000000efd80000,0x00000000f1c80000)
 ParOldGen       total 245248K, used 200197K [0x00000000c0000000, 0x00000000cef80000, 0x00000000eab00000)
  object space 245248K, 81% used [0x00000000c0000000,0x00000000cc381598,0x00000000cef80000)
 Metaspace       used 56854K, committed 57664K, reserved 1105920K
  class space    used 6139K, committed 6464K, reserved 1048576K
}
Event: 21.203 GC heap after
{Heap after GC invocations=53 (full 6):
 PSYoungGen      total 74752K, used 19112K [0x00000000eab00000, 0x00000000f1080000, 0x0000000100000000)
  eden space 55296K, 0% used [0x00000000eab00000,0x00000000eab00000,0x00000000ee100000)
  from space 19456K, 98% used [0x00000000efd80000,0x00000000f102a200,0x00000000f1080000)
  to   space 23040K, 0% used [0x00000000ee380000,0x00000000ee380000,0x00000000efa00000)
 ParOldGen       total 245248K, used 213833K [0x00000000c0000000, 0x00000000cef80000, 0x00000000eab00000)
  object space 245248K, 87% used [0x00000000c0000000,0x00000000cd0d24f0,0x00000000cef80000)
 Metaspace       used 56854K, committed 57664K, reserved 1105920K
  class space    used 6139K, committed 6464K, reserved 1048576K
}
Event: 22.235 GC heap before
{Heap before GC invocations=54 (full 6):
 PSYoungGen      total 74752K, used 74408K [0x00000000eab00000, 0x00000000f1080000, 0x0000000100000000)
  eden space 55296K, 100% used [0x00000000eab00000,0x00000000ee100000,0x00000000ee100000)
  from space 19456K, 98% used [0x00000000efd80000,0x00000000f102a200,0x00000000f1080000)
  to   space 23040K, 0% used [0x00000000ee380000,0x00000000ee380000,0x00000000efa00000)
 ParOldGen       total 245248K, used 213833K [0x00000000c0000000, 0x00000000cef80000, 0x00000000eab00000)
  object space 245248K, 87% used [0x00000000c0000000,0x00000000cd0d24f0,0x00000000cef80000)
 Metaspace       used 56854K, committed 57664K, reserved 1105920K
  class space    used 6139K, committed 6464K, reserved 1048576K
}
Event: 22.449 GC heap after
{Heap after GC invocations=54 (full 6):
 PSYoungGen      total 80896K, used 23037K [0x00000000eab00000, 0x00000000f2b00000, 0x0000000100000000)
  eden space 57856K, 0% used [0x00000000eab00000,0x00000000eab00000,0x00000000ee380000)
  from space 23040K, 99% used [0x00000000ee380000,0x00000000ef9ff430,0x00000000efa00000)
  to   space 34816K, 0% used [0x00000000f0900000,0x00000000f0900000,0x00000000f2b00000)
 ParOldGen       total 245248K, used 222927K [0x00000000c0000000, 0x00000000cef80000, 0x00000000eab00000)
  object space 245248K, 90% used [0x00000000c0000000,0x00000000cd9b3ff0,0x00000000cef80000)
 Metaspace       used 56854K, committed 57664K, reserved 1105920K
  class space    used 6139K, committed 6464K, reserved 1048576K
}
Event: 23.838 GC heap before
{Heap before GC invocations=55 (full 6):
 PSYoungGen      total 80896K, used 80893K [0x00000000eab00000, 0x00000000f2b00000, 0x0000000100000000)
  eden space 57856K, 100% used [0x00000000eab00000,0x00000000ee380000,0x00000000ee380000)
  from space 23040K, 99% used [0x00000000ee380000,0x00000000ef9ff430,0x00000000efa00000)
  to   space 34816K, 0% used [0x00000000f0900000,0x00000000f0900000,0x00000000f2b00000)
 ParOldGen       total 245248K, used 222927K [0x00000000c0000000, 0x00000000cef80000, 0x00000000eab00000)
  object space 245248K, 90% used [0x00000000c0000000,0x00000000cd9b3ff0,0x00000000cef80000)
 Metaspace       used 56854K, committed 57664K, reserved 1105920K
  class space    used 6139K, committed 6464K, reserved 1048576K
}
Event: 34.127 GC heap after
{Heap after GC invocations=55 (full 6):
 PSYoungGen      total 79360K, used 13109K [0x00000000eab00000, 0x00000000f1600000, 0x0000000100000000)
  eden space 66048K, 0% used [0x00000000eab00000,0x00000000eab00000,0x00000000eeb80000)
  from space 13312K, 98% used [0x00000000f0900000,0x00000000f15cd558,0x00000000f1600000)
  to   space 20480K, 0% used [0x00000000eee00000,0x00000000eee00000,0x00000000f0200000)
 ParOldGen       total 246272K, used 245909K [0x00000000c0000000, 0x00000000cf080000, 0x00000000eab00000)
  object space 246272K, 99% used [0x00000000c0000000,0x00000000cf0256a8,0x00000000cf080000)
 Metaspace       used 56854K, committed 57664K, reserved 1105920K
  class space    used 6139K, committed 6464K, reserved 1048576K
}
Event: 34.689 GC heap before
{Heap before GC invocations=56 (full 7):
 PSYoungGen      total 79360K, used 13109K [0x00000000eab00000, 0x00000000f1600000, 0x0000000100000000)
  eden space 66048K, 0% used [0x00000000eab00000,0x00000000eab00000,0x00000000eeb80000)
  from space 13312K, 98% used [0x00000000f0900000,0x00000000f15cd558,0x00000000f1600000)
  to   space 20480K, 0% used [0x00000000eee00000,0x00000000eee00000,0x00000000f0200000)
 ParOldGen       total 246272K, used 245909K [0x00000000c0000000, 0x00000000cf080000, 0x00000000eab00000)
  object space 246272K, 99% used [0x00000000c0000000,0x00000000cf0256a8,0x00000000cf080000)
 Metaspace       used 56854K, committed 57664K, reserved 1105920K
  class space    used 6139K, committed 6464K, reserved 1048576K
}

Deoptimization events (20 events):
Event: 23.723 Thread 0x00007f8490553d80 DEOPT PACKING pc=0x00007f84e15dce13 sp=0x00007f84c93fdf70
Event: 23.723 Thread 0x00007f8490553d80 DEOPT UNPACKING pc=0x00007f84e07f352f sp=0x00007f84c93fd430 mode 0
Event: 23.725 Thread 0x00007f8490553d80 DEOPT PACKING pc=0x00007f84e1623413 sp=0x00007f84c93fe0e0
Event: 23.725 Thread 0x00007f8490553d80 DEOPT UNPACKING pc=0x00007f84e07f352f sp=0x00007f84c93fd660 mode 0
Event: 23.727 Thread 0x00007f8490553d80 DEOPT PACKING pc=0x00007f84e15dce13 sp=0x00007f84c93fdee0
Event: 23.727 Thread 0x00007f8490553d80 DEOPT UNPACKING pc=0x00007f84e07f352f sp=0x00007f84c93fd3a0 mode 0
Event: 23.728 Thread 0x00007f8490553d80 DEOPT PACKING pc=0x00007f84e16450cd sp=0x00007f84c93fe110
Event: 23.728 Thread 0x00007f8490553d80 DEOPT UNPACKING pc=0x00007f84e07f352f sp=0x00007f84c93fd658 mode 0
Event: 23.732 Thread 0x00007f8490553d80 DEOPT PACKING pc=0x00007f84e15dce13 sp=0x00007f84c93fdee0
Event: 23.732 Thread 0x00007f8490553d80 DEOPT UNPACKING pc=0x00007f84e07f352f sp=0x00007f84c93fd3a0 mode 0
Event: 23.736 Thread 0x00007f8490553d80 DEOPT PACKING pc=0x00007f84e15dce13 sp=0x00007f84c93fdf70
Event: 23.736 Thread 0x00007f8490553d80 DEOPT UNPACKING pc=0x00007f84e07f352f sp=0x00007f84c93fd430 mode 0
Event: 23.747 Thread 0x00007f8490553d80 DEOPT PACKING pc=0x00007f84e16450cd sp=0x00007f84c93fe110
Event: 23.747 Thread 0x00007f8490553d80 DEOPT UNPACKING pc=0x00007f84e07f352f sp=0x00007f84c93fd658 mode 0
Event: 23.752 Thread 0x00007f8490553d80 DEOPT PACKING pc=0x00007f84e15dce13 sp=0x00007f84c93fdf70
Event: 23.752 Thread 0x00007f8490553d80 DEOPT UNPACKING pc=0x00007f84e07f352f sp=0x00007f84c93fd430 mode 0
Event: 23.757 Thread 0x00007f8490553d80 DEOPT PACKING pc=0x00007f84e16450cd sp=0x00007f84c93fe110
Event: 23.757 Thread 0x00007f8490553d80 DEOPT UNPACKING pc=0x00007f84e07f352f sp=0x00007f84c93fd658 mode 0
Event: 23.758 Thread 0x00007f8490553d80 DEOPT PACKING pc=0x00007f84e15dce13 sp=0x00007f84c93fe070
Event: 23.758 Thread 0x00007f8490553d80 DEOPT UNPACKING pc=0x00007f84e07f352f sp=0x00007f84c93fd530 mode 0

Classes unloaded (0 events):
No events

Classes redefined (0 events):
No events

Internal exceptions (20 events):
Event: 12.737 Thread 0x00007f8464000e30 Exception <a 'sun/nio/fs/UnixException'{0x00000000eb0da328}> (0x00000000eb0da328) 
thrown [src/hotspot/share/prims/jni.cpp, line 516]
Event: 12.740 Thread 0x00007f8464000e30 Exception <a 'sun/nio/fs/UnixException'{0x00000000eb6c9410}> (0x00000000eb6c9410) 
thrown [src/hotspot/share/prims/jni.cpp, line 516]
Event: 12.759 Thread 0x00007f8464000e30 Exception <a 'sun/nio/fs/UnixException'{0x00000000eb6d5ac8}> (0x00000000eb6d5ac8) 
thrown [src/hotspot/share/prims/jni.cpp, line 516]
Event: 12.821 Thread 0x00007f8464000e30 Exception <a 'sun/nio/fs/UnixException'{0x00000000eb6db5f8}> (0x00000000eb6db5f8) 
thrown [src/hotspot/share/prims/jni.cpp, line 516]
Event: 12.836 Thread 0x00007f8464000e30 Exception <a 'sun/nio/fs/UnixException'{0x00000000eb6e0b68}> (0x00000000eb6e0b68) 
thrown [src/hotspot/share/prims/jni.cpp, line 516]
Event: 12.896 Thread 0x00007f8464000e30 Exception <a 'sun/nio/fs/UnixException'{0x00000000eb6e5d38}> (0x00000000eb6e5d38) 
thrown [src/hotspot/share/prims/jni.cpp, line 516]
Event: 12.897 Thread 0x00007f8464000e30 Exception <a 'sun/nio/fs/UnixException'{0x00000000eb6e96f8}> (0x00000000eb6e96f8) 
thrown [src/hotspot/share/prims/jni.cpp, line 516]
Event: 13.026 Thread 0x00007f8490310bb0 Exception <a 'java/lang/NoSuchMethodError'{0x00000000eabe7e38}: 'java.lang.Object java.lang.invoke.DirectMethodHandle$Holder.invokeStatic(java.lang.Object, java.lang.Object, java.lang.Object, long)'> (0x00000000eabe7e38) 
thrown [src/hotspot/share/interpreter/linkResolver.cpp, line 766]
Event: 13.027 Thread 0x00007f8490310bb0 Exception <a 'java/lang/NoSuchMethodError'{0x00000000eabef530}: 'java.lang.Object java.lang.invoke.DirectMethodHandle$Holder.newInvokeSpecial(java.lang.Object, java.lang.Object, java.lang.Object, long)'> (0x00000000eabef530) 
thrown [src/hotspot/share/interpreter/linkResolver.cpp, line 766]
Event: 13.034 Thread 0x00007f8490310bb0 Exception <a 'java/lang/NoSuchMethodError'{0x00000000eabf3648}: 'java.lang.Object java.lang.invoke.DirectMethodHandle$Holder.invokeSpecial(java.lang.Object, java.lang.Object, java.lang.Object, java.lang.Object, long)'> (0x00000000eabf3648) 
thrown [src/hotspot/share/interpreter/linkResolver.cpp, line 766]
Event: 13.035 Thread 0x00007f8490310bb0 Exception <a 'java/lang/NoSuchMethodError'{0x00000000eabf6f70}: 'java.lang.Object java.lang.invoke.Invokers$Holder.linkToTargetMethod(java.lang.Object, java.lang.Object, long, java.lang.Object)'> (0x00000000eabf6f70) 
thrown [src/hotspot/share/interpreter/linkResolver.cpp, line 766]
Event: 13.176 Thread 0x00007f8460110730 Exception <a 'java/lang/NoSuchMethodError'{0x00000000eae23720}: 'int java.lang.invoke.DirectMethodHandle$Holder.invokeSpecial(java.lang.Object, java.lang.Object, java.lang.Object)'> (0x00000000eae23720) 
thrown [src/hotspot/share/interpreter/linkResolver.cpp, line 766]
Event: 13.183 Thread 0x00007f8460110730 Exception <a 'java/lang/NoSuchMethodError'{0x00000000eaea28a8}: 'int java.lang.invoke.DirectMethodHandle$Holder.invokeStatic(java.lang.Object, java.lang.Object, java.lang.Object, int)'> (0x00000000eaea28a8) 
thrown [src/hotspot/share/interpreter/linkResolver.cpp, line 766]
Event: 13.339 Thread 0x00007f8490553d80 Implicit null exception at 0x00007f84e8400bcf to 0x00007f84e8400cd0
Event: 13.817 Thread 0x00007f8470001010 Exception <a 'java/lang/NoSuchMethodError'{0x00000000eab52398}: 'java.lang.Object java.lang.invoke.DirectMethodHandle$Holder.newInvokeSpecial(java.lang.Object, java.lang.Object, java.lang.Object, int, java.lang.Object)'> (0x00000000eab52398) 
thrown [src/hotspot/share/interpreter/linkResolver.cpp, line 766]
Event: 13.818 Thread 0x00007f8470001010 Exception <a 'java/lang/NoSuchMethodError'{0x00000000eab56e30}: 'java.lang.Object java.lang.invoke.DirectMethodHandle$Holder.invokeSpecial(java.lang.Object, java.lang.Object, java.lang.Object, java.lang.Object, int, java.lang.Object)'> (0x00000000eab56e30) 
thrown [src/hotspot/share/interpreter/linkResolver.cpp, line 766]
Event: 13.864 Thread 0x00007f8470001010 Exception <a 'java/lang/NoSuchMethodError'{0x00000000eae62220}: 'java.lang.Object java.lang.invoke.DirectMethodHandle$Holder.invokeStatic(java.lang.Object, java.lang.Object, int, java.lang.Object)'> (0x00000000eae62220) 
thrown [src/hotspot/share/interpreter/linkResolver.cpp, line 766]
Event: 13.867 Thread 0x00007f8470001010 Exception <a 'java/lang/NoSuchMethodError'{0x00000000eae6a9b8}: 'java.lang.Object java.lang.invoke.DirectMethodHandle$Holder.newInvokeSpecial(java.lang.Object, java.lang.Object, int)'> (0x00000000eae6a9b8) 
thrown [src/hotspot/share/interpreter/linkResolver.cpp, line 766]
Event: 15.592 Thread 0x00007f8484034b80 Exception <a 'java/lang/ClassNotFoundException'{0x00000000eb67eb48}: sun/util/logging/resources/spi/loggingProvider> (0x00000000eb67eb48) 
thrown [src/hotspot/share/classfile/systemDictionary.cpp, line 256]
Event: 19.755 Thread 0x00007f8490553d80 Implicit null exception at 0x00007f84e84684d1 to 0x00007f84e8470c60

VM Operations (20 events):
Event: 18.231 Executing VM operation: ParallelGCFailedAllocation done
Event: 18.425 Executing VM operation: ParallelGCFailedAllocation
Event: 18.660 Executing VM operation: ParallelGCFailedAllocation done
Event: 18.825 Executing VM operation: ParallelGCFailedAllocation
Event: 18.835 Executing VM operation: ParallelGCFailedAllocation done
Event: 19.047 Executing VM operation: ParallelGCFailedAllocation
Event: 19.073 Executing VM operation: ParallelGCFailedAllocation done
Event: 19.294 Executing VM operation: ParallelGCFailedAllocation
Event: 19.329 Executing VM operation: ParallelGCFailedAllocation done
Event: 19.626 Executing VM operation: ParallelGCFailedAllocation
Event: 19.651 Executing VM operation: ParallelGCFailedAllocation done
Event: 20.057 Executing VM operation: ParallelGCFailedAllocation
Event: 20.109 Executing VM operation: ParallelGCFailedAllocation done
Event: 20.536 Executing VM operation: ParallelGCFailedAllocation
Event: 20.621 Executing VM operation: ParallelGCFailedAllocation done
Event: 20.877 Executing VM operation: ParallelGCFailedAllocation
Event: 21.255 Executing VM operation: ParallelGCFailedAllocation done
Event: 22.157 Executing VM operation: ParallelGCFailedAllocation
Event: 22.458 Executing VM operation: ParallelGCFailedAllocation done
Event: 23.797 Executing VM operation: ParallelGCFailedAllocation

Events (20 events):
Event: 15.592 loading class java/util/logging/Level$RbAccess done
Event: 15.593 loading class sun/util/logging/resources/logging
Event: 15.603 loading class sun/util/logging/resources/logging done
Event: 15.730 loading class sun/util/logging/resources/logging_en
Event: 15.730 loading class sun/util/logging/resources/logging_en done
Event: 15.730 loading class sun/util/logging/resources/logging_en
Event: 15.730 loading class sun/util/logging/resources/logging_en done
Event: 15.730 loading class sun/util/logging/resources/logging_en_IN
Event: 15.730 loading class sun/util/logging/resources/logging_en_IN done
Event: 15.730 loading class sun/util/logging/resources/logging_en_IN
Event: 15.730 loading class sun/util/logging/resources/logging_en_IN done
Event: 15.730 loading class java/util/Formatter$DateTime
Event: 15.731 loading class java/util/Formatter$DateTime done
Event: 15.731 loading class java/time/ZonedDateTime$1
Event: 15.731 loading class java/time/ZonedDateTime$1 done
Event: 15.731 loading class java/time/LocalDate$1
Event: 15.732 loading class java/time/LocalDate$1 done
Event: 15.732 loading class java/time/LocalTime$1
Event: 15.732 loading class java/time/LocalTime$1 done
Event: 17.149 Thread 0x00007f8484048030 Thread exited: 0x00007f8484048030


Dynamic libraries:
c0000000-cf080000 rw-p 00000000 00:00 0 
d5f80000-eab00000 ---p 00000000 00:00 0 
eab00000-f1600000 rw-p 00000000 00:00 0 
f1600000-100000000 ---p 00000000 00:00 0 
100000000-100020000 rw-p 00000000 00:00 0 
100020000-100040000 rw-p 00000000 00:00 0 
100040000-100100000 rw-p 00000000 00:00 0 
100100000-100180000 rw-p 00000000 00:00 0 
100180000-100240000 rw-p 00000000 00:00 0 
100240000-100280000 rw-p 00000000 00:00 0 
100280000-100440000 rw-p 00000000 00:00 0 
100440000-100470000 rw-p 00000000 00:00 0 
100470000-100480000 ---p 00000000 00:00 0 
100480000-100660000 rw-p 00000000 00:00 0 
100660000-140000000 ---p 00000000 00:00 0 
557a1a07e000-557a1a07f000 r-xp 00000000 08:01 7738910                    /home/suraj/.vscode/extensions/redhat.java-1.4.0/jre/17.0.2-linux-x86_64/bin/java
557a1a27f000-557a1a280000 r--p 00001000 08:01 7738910                    /home/suraj/.vscode/extensions/redhat.java-1.4.0/jre/17.0.2-linux-x86_64/bin/java
557a1a280000-557a1a281000 rw-p 00002000 08:01 7738910                    /home/suraj/.vscode/extensions/redhat.java-1.4.0/jre/17.0.2-linux-x86_64/bin/java
557a1babe000-557a1bcc1000 rw-p 00000000 00:00 0                          [heap]
7f8455eff000-7f8455f03000 ---p 00000000 00:00 0 
7f8455f03000-7f84561c0000 rw-p 00000000 00:00 0 
7f84561c0000-7f84561f0000 rw-p 00000000 00:00 0 
7f84561f0000-7f8456200000 ---p 00000000 00:00 0 
7f8456200000-7f8456210000 rw-p 00000000 00:00 0 
7f8456210000-7f8456800000 ---p 00000000 00:00 0 
7f8456800000-7f8457000000 rw-p 00000000 00:00 0 
7f845701e000-7f845f800000 r--s 00000000 08:01 13632905                   /usr/lib/jvm/java-11-openjdk-amd64/lib/modules
7f845f800000-7f845fd00000 rw-p 00000000 00:00 0 
7f845fd00000-7f845fe00000 rw-p 00000000 00:00 0 
7f845fe00000-7f8460000000 rw-p 00000000 00:00 0 
7f8460000000-7f84601da000 rw-p 00000000 00:00 0 
7f84601da000-7f8464000000 ---p 00000000 00:00 0 
7f8464000000-7f8464055000 rw-p 00000000 00:00 0 
7f8464055000-7f8468000000 ---p 00000000 00:00 0 
7f8468000000-7f84681e1000 rw-p 00000000 00:00 0 
7f84681e1000-7f846c000000 ---p 00000000 00:00 0 
7f846c000000-7f846c05e000 rw-p 00000000 00:00 0 
7f846c05e000-7f8470000000 ---p 00000000 00:00 0 
7f8470000000-7f84703c9000 rw-p 00000000 00:00 0 
7f84703c9000-7f8474000000 ---p 00000000 00:00 0 
7f8474000000-7f8474031000 rw-p 00000000 00:00 0 
7f8474031000-7f8478000000 ---p 00000000 00:00 0 
7f8478000000-7f8478021000 rw-p 00000000 00:00 0 
7f8478021000-7f847c000000 ---p 00000000 00:00 0 
7f847c000000-7f847c07a000 rw-p 00000000 00:00 0 
7f847c07a000-7f8480000000 ---p 00000000 00:00 0 
7f8480000000-7f8480021000 rw-p 00000000 00:00 0 
7f8480021000-7f8484000000 ---p 00000000 00:00 0 
7f8484000000-7f848406a000 rw-p 00000000 00:00 0 
7f848406a000-7f8488000000 ---p 00000000 00:00 0 
7f8488000000-7f8488021000 rw-p 00000000 00:00 0 
7f8488021000-7f848c000000 ---p 00000000 00:00 0 
7f848c000000-7f848c021000 rw-p 00000000 00:00 0 
7f848c021000-7f8490000000 ---p 00000000 00:00 0 
7f8490000000-7f8490915000 rw-p 00000000 00:00 0 
7f8490915000-7f8494000000 ---p 00000000 00:00 0 
7f8494000000-7f8494021000 rw-p 00000000 00:00 0 
7f8494021000-7f8498000000 ---p 00000000 00:00 0 
7f8498000000-7f8498021000 rw-p 00000000 00:00 0 
7f8498021000-7f849c000000 ---p 00000000 00:00 0 
7f849c000000-7f849c021000 rw-p 00000000 00:00 0 
7f849c021000-7f84a0000000 ---p 00000000 00:00 0 
7f84a0000000-7f84a0021000 rw-p 00000000 00:00 0 
7f84a0021000-7f84a4000000 ---p 00000000 00:00 0 
7f84a4000000-7f84a4021000 rw-p 00000000 00:00 0 
7f84a4021000-7f84a8000000 ---p 00000000 00:00 0 
7f84a8000000-7f84a8021000 rw-p 00000000 00:00 0 
7f84a8021000-7f84ac000000 ---p 00000000 00:00 0 
7f84ac000000-7f84ac021000 rw-p 00000000 00:00 0 
7f84ac021000-7f84b0000000 ---p 00000000 00:00 0 
7f84b0000000-7f84b0a9e000 rw-p 00000000 00:00 0 
7f84b0a9e000-7f84b4000000 ---p 00000000 00:00 0 
7f84b4000000-7f84b4021000 rw-p 00000000 00:00 0 
7f84b4021000-7f84b8000000 ---p 00000000 00:00 0 
7f84b8000000-7f84b8021000 rw-p 00000000 00:00 0 
7f84b8021000-7f84bc000000 ---p 00000000 00:00 0 
7f84bc000000-7f84beba4000 rw-p 00000000 00:00 0 
7f84beba4000-7f84c0000000 ---p 00000000 00:00 0 
7f84c0000000-7f84c0021000 rw-p 00000000 00:00 0 
7f84c0021000-7f84c4000000 ---p 00000000 00:00 0 
7f84c4000000-7f84c4021000 rw-p 00000000 00:00 0 
7f84c4021000-7f84c8000000 ---p 00000000 00:00 0 
7f84c80f9000-7f84c80fd000 ---p 00000000 00:00 0 
7f84c80fd000-7f84c81fa000 rw-p 00000000 00:00 0 
7f84c81fa000-7f84c81fe000 ---p 00000000 00:00 0 
7f84c81fe000-7f84c82fb000 rw-p 00000000 00:00 0 
7f84c82fb000-7f84c82ff000 ---p 00000000 00:00 0 
7f84c82ff000-7f84c83fc000 rw-p 00000000 00:00 0 
7f84c83fc000-7f84c8400000 ---p 00000000 00:00 0 
7f84c8400000-7f84c84fd000 rw-p 00000000 00:00 0 
7f84c84fd000-7f84c8501000 ---p 00000000 00:00 0 
7f84c8501000-7f84c85fe000 rw-p 00000000 00:00 0 
7f84c85fe000-7f84c8602000 ---p 00000000 00:00 0 
7f84c8602000-7f84c86ff000 rw-p 00000000 00:00 0 
7f84c86ff000-7f84c8703000 ---p 00000000 00:00 0 
7f84c8703000-7f84c8900000 rw-p 00000000 00:00 0 
7f84c8900000-7f84c8a00000 rw-p 00000000 00:00 0 
7f84c8a00000-7f84c8d00000 rw-p 00000000 00:00 0 
7f84c8d00000-7f84c9000000 rw-p 00000000 00:00 0 
7f84c90f0000-7f84c90fd000 r-xp 00000000 08:01 7739360                    /home/suraj/.vscode/extensions/redhat.java-1.4.0/jre/17.0.2-linux-x86_64/lib/libverify.so
7f84c90fd000-7f84c92fc000 ---p 0000d000 08:01 7739360                    /home/suraj/.vscode/extensions/redhat.java-1.4.0/jre/17.0.2-linux-x86_64/lib/libverify.so
7f84c92fc000-7f84c92fe000 r--p 0000c000 08:01 7739360                    /home/suraj/.vscode/extensions/redhat.java-1.4.0/jre/17.0.2-linux-x86_64/lib/libverify.so
7f84c92fe000-7f84c92ff000 rw-p 0000e000 08:01 7739360                    /home/suraj/.vscode/extensions/redhat.java-1.4.0/jre/17.0.2-linux-x86_64/lib/libverify.so
7f84c92ff000-7f84c9303000 ---p 00000000 00:00 0 
7f84c9303000-7f84c9500000 rw-p 00000000 00:00 0 
7f84c9500000-7f84c9600000 rw-p 00000000 00:00 0 
7f84c9600000-7f84c9c00000 rw-p 00000000 00:00 0 
7f84c9ce3000-7f84c9ce7000 ---p 00000000 00:00 0 
7f84c9ce7000-7f84c9de4000 rw-p 00000000 00:00 0 
7f84c9de4000-7f84c9de8000 ---p 00000000 00:00 0 
7f84c9de8000-7f84c9ee5000 rw-p 00000000 00:00 0 
7f84c9ee5000-7f84c9ee9000 ---p 00000000 00:00 0 
7f84c9ee9000-7f84c9fe6000 rw-p 00000000 00:00 0 
7f84c9fe6000-7f84c9fea000 ---p 00000000 00:00 0 
7f84c9fea000-7f84ca0e7000 rw-p 00000000 00:00 0 
7f84ca0e7000-7f84ca0eb000 ---p 00000000 00:00 0 
7f84ca0eb000-7f84ca1e8000 rw-p 00000000 00:00 0 
7f84ca1e8000-7f84ca1ec000 ---p 00000000 00:00 0 
7f84ca1ec000-7f84ca2e9000 rw-p 00000000 00:00 0 
7f84ca2e9000-7f84ca2ea000 ---p 00000000 00:00 0 
7f84ca2ea000-7f84ca3eb000 rw-p 00000000 00:00 0 
7f84ca3eb000-7f84ca3ec000 ---p 00000000 00:00 0 
7f84ca3ec000-7f84ca4ed000 rw-p 00000000 00:00 0 
7f84ca4ed000-7f84ca4ee000 ---p 00000000 00:00 0 
7f84ca4ee000-7f84ca5ef000 rw-p 00000000 00:00 0 
7f84ca5ef000-7f84ca5ff000 r-xp 00000000 08:01 5899676                    /home/suraj/.config/Code/User/globalStorage/redhat.java/1.4.0/config_linux/org.eclipse.equinox.launcher/org.eclipse.equinox.launcher.gtk.linux.x86_64_1.2.400.v20211117-0650/eclipse_11600.so
7f84ca5ff000-7f84ca7fe000 ---p 00010000 08:01 5899676                    /home/suraj/.config/Code/User/globalStorage/redhat.java/1.4.0/config_linux/org.eclipse.equinox.launcher/org.eclipse.equinox.launcher.gtk.linux.x86_64_1.2.400.v20211117-0650/eclipse_11600.so
7f84ca7fe000-7f84ca7ff000 r--p 0000f000 08:01 5899676                    /home/suraj/.config/Code/User/globalStorage/redhat.java/1.4.0/config_linux/org.eclipse.equinox.launcher/org.eclipse.equinox.launcher.gtk.linux.x86_64_1.2.400.v20211117-0650/eclipse_11600.so
7f84ca7ff000-7f84ca800000 rw-p 00010000 08:01 5899676                    /home/suraj/.config/Code/User/globalStorage/redhat.java/1.4.0/config_linux/org.eclipse.equinox.launcher/org.eclipse.equinox.launcher.gtk.linux.x86_64_1.2.400.v20211117-0650/eclipse_11600.so
7f84ca800000-7f84ca900000 rw-p 00000000 00:00 0 
7f84ca900000-7f84cab00000 rw-p 00000000 00:00 0 
7f84cab00000-7f84cac00000 rw-p 00000000 00:00 0 
7f84cac00000-7f84cad00000 rw-p 00000000 00:00 0 
7f84cad00000-7f84cae00000 rw-p 00000000 00:00 0 
7f84cae00000-7f84cb000000 rw-p 00000000 00:00 0 
7f84cb0cb000-7f84cb0cf000 ---p 00000000 00:00 0 
7f84cb0cf000-7f84cb1cc000 rw-p 00000000 00:00 0 
7f84cb1cc000-7f84cb1d0000 ---p 00000000 00:00 0 
7f84cb1d0000-7f84cb2cd000 rw-p 00000000 00:00 0 
7f84cb2cd000-7f84cb2d1000 ---p 00000000 00:00 0 
7f84cb2d1000-7f84cb3ce000 rw-p 00000000 00:00 0 
7f84cb3ce000-7f84cb3e3000 r-xp 00000000 08:01 7739353                    /home/suraj/.vscode/extensions/redhat.java-1.4.0/jre/17.0.2-linux-x86_64/lib/libnet.so
7f84cb3e3000-7f84cb5e2000 ---p 00015000 08:01 7739353                    /home/suraj/.vscode/extensions/redhat.java-1.4.0/jre/17.0.2-linux-x86_64/lib/libnet.so
7f84cb5e2000-7f84cb5e3000 r--p 00014000 08:01 7739353                    /home/suraj/.vscode/extensions/redhat.java-1.4.0/jre/17.0.2-linux-x86_64/lib/libnet.so
7f84cb5e3000-7f84cb5e4000 rw-p 00015000 08:01 7739353                    /home/suraj/.vscode/extensions/redhat.java-1.4.0/jre/17.0.2-linux-x86_64/lib/libnet.so
7f84cb5e4000-7f84cb5f6000 r-xp 00000000 08:01 7739354                    /home/suraj/.vscode/extensions/redhat.java-1.4.0/jre/17.0.2-linux-x86_64/lib/libnio.so
7f84cb5f6000-7f84cb7f5000 ---p 00012000 08:01 7739354                    /home/suraj/.vscode/extensions/redhat.java-1.4.0/jre/17.0.2-linux-x86_64/lib/libnio.so
7f84cb7f5000-7f84cb7f6000 r--p 00011000 08:01 7739354                    /home/suraj/.vscode/extensions/redhat.java-1.4.0/jre/17.0.2-linux-x86_64/lib/libnio.so
7f84cb7f6000-7f84cb7f7000 rw-p 00012000 08:01 7739354                    /home/suraj/.vscode/extensions/redhat.java-1.4.0/jre/17.0.2-linux-x86_64/lib/libnio.so
7f84cb7f7000-7f84cb7f8000 ---p 00000000 00:00 0 
7f84cb7f8000-7f84cb8f9000 rw-p 00000000 00:00 0 
7f84cb8f9000-7f84cb8fd000 ---p 00000000 00:00 0 
7f84cb8fd000-7f84cb9fa000 rw-p 00000000 00:00 0 
7f84cb9fa000-7f84cb9fe000 ---p 00000000 00:00 0 
7f84cb9fe000-7f84cbafb000 rw-p 00000000 00:00 0 
7f84cbafb000-7f84cbaff000 ---p 00000000 00:00 0 
7f84cbaff000-7f84cbbfc000 rw-p 00000000 00:00 0 
7f84cbbfc000-7f84cbc00000 ---p 00000000 00:00 0 
7f84cbc00000-7f84cbcfd000 rw-p 00000000 00:00 0 
7f84cbcfd000-7f84cbd01000 ---p 00000000 00:00 0 
7f84cbd01000-7f84cbdfe000 rw-p 00000000 00:00 0 
7f84cbdfe000-7f84cbe02000 ---p 00000000 00:00 0 
7f84cbe02000-7f84cbeff000 rw-p 00000000 00:00 0 
7f84cbeff000-7f84cbf03000 ---p 00000000 00:00 0 
7f84cbf03000-7f84cc000000 rw-p 00000000 00:00 0 
7f84cc000000-7f84cc021000 rw-p 00000000 00:00 0 
7f84cc021000-7f84d0000000 ---p 00000000 00:00 0 
7f84d0000000-7f84d0021000 rw-p 00000000 00:00 0 
7f84d0021000-7f84d4000000 ---p 00000000 00:00 0 
7f84d4000000-7f84d43f6000 rw-p 00000000 00:00 0 
7f84d43f6000-7f84d8000000 ---p 00000000 00:00 0 
7f84d8005000-7f84d8009000 ---p 00000000 00:00 0 
7f84d8009000-7f84d8106000 rw-p 00000000 00:00 0 
7f84d8106000-7f84d83e4000 r--p 00000000 08:01 7605563                    /usr/lib/locale/locale-archive
7f84d83e4000-7f84d83e8000 ---p 00000000 00:00 0 
7f84d83e8000-7f84d84e5000 rw-p 00000000 00:00 0 
7f84d84e5000-7f84d84e9000 ---p 00000000 00:00 0 
7f84d84e9000-7f84d85e6000 rw-p 00000000 00:00 0 
7f84d85e6000-7f84d85e7000 ---p 00000000 00:00 0 
7f84d85e7000-7f84d95f7000 rw-p 00000000 00:00 0 
7f84d95f7000-7f84d95fe000 r-xp 00000000 08:01 7739361                    /home/suraj/.vscode/extensions/redhat.java-1.4.0/jre/17.0.2-linux-x86_64/lib/libzip.so
7f84d95fe000-7f84d97fe000 ---p 00007000 08:01 7739361                    /home/suraj/.vscode/extensions/redhat.java-1.4.0/jre/17.0.2-linux-x86_64/lib/libzip.so
7f84d97fe000-7f84d97ff000 r--p 00007000 08:01 7739361                    /home/suraj/.vscode/extensions/redhat.java-1.4.0/jre/17.0.2-linux-x86_64/lib/libzip.so
7f84d97ff000-7f84d9800000 rw-p 00008000 08:01 7739361                    /home/suraj/.vscode/extensions/redhat.java-1.4.0/jre/17.0.2-linux-x86_64/lib/libzip.so
7f84d9800000-7f84d9c00000 rw-p 00000000 00:00 0 
7f84d9c00000-7f84d9c20000 rw-p 00000000 00:00 0 
7f84d9c20000-7f84d9c40000 rw-p 00000000 00:00 0 
7f84d9c40000-7f84d9c80000 rw-p 00000000 00:00 0 
7f84d9c80000-7f84d9d00000 rw-p 00000000 00:00 0 
7f84d9d00000-7f84d9f00000 rw-p 00000000 00:00 0 
7f84d9f00000-7f84d9f40000 rw-p 00000000 00:00 0 
7f84d9f40000-7f84d9f80000 rw-p 00000000 00:00 0 
7f84d9f80000-7f84dc000000 rw-p 00000000 00:00 0 
7f84dc000000-7f84dc021000 rw-p 00000000 00:00 0 
7f84dc021000-7f84e0000000 ---p 00000000 00:00 0 
7f84e005d000-7f84e02d6000 rw-p 00000000 00:00 0 
7f84e02d6000-7f84e03b3000 ---p 00000000 00:00 0 
7f84e03b3000-7f84e03b4000 ---p 00000000 00:00 0 
7f84e03b4000-7f84e052e000 rw-p 00000000 00:00 0 
7f84e052e000-7f84e060a000 ---p 00000000 00:00 0 
7f84e060a000-7f84e0640000 rw-p 00000000 00:00 0 
7f84e0640000-7f84e06b5000 ---p 00000000 00:00 0 
7f84e06b5000-7f84e06bb000 rw-p 00000000 00:00 0 
7f84e06bb000-7f84e07a1000 ---p 00000000 00:00 0 
7f84e07a1000-7f84e0a11000 rwxp 00000000 00:00 0 
7f84e0a11000-7f84e0d32000 ---p 00000000 00:00 0 
7f84e0d32000-7f84e17c2000 rwxp 00000000 00:00 0 
7f84e17c2000-7f84e8269000 ---p 00000000 00:00 0 
7f84e8269000-7f84e84d9000 rwxp 00000000 00:00 0 
7f84e84d9000-7f84ef7a1000 ---p 00000000 00:00 0 
7f84ef7a1000-7f84ef7c5000 r-xp 00000000 08:01 7739340                    /home/suraj/.vscode/extensions/redhat.java-1.4.0/jre/17.0.2-linux-x86_64/lib/libjava.so
7f84ef7c5000-7f84ef9c5000 ---p 00024000 08:01 7739340                    /home/suraj/.vscode/extensions/redhat.java-1.4.0/jre/17.0.2-linux-x86_64/lib/libjava.so
7f84ef9c5000-7f84ef9c6000 r--p 00024000 08:01 7739340                    /home/suraj/.vscode/extensions/redhat.java-1.4.0/jre/17.0.2-linux-x86_64/lib/libjava.so
7f84ef9c6000-7f84ef9c7000 rw-p 00025000 08:01 7739340                    /home/suraj/.vscode/extensions/redhat.java-1.4.0/jre/17.0.2-linux-x86_64/lib/libjava.so
7f84ef9c7000-7f84ef9c8000 rw-p 00000000 00:00 0 
7f84ef9c8000-7f84ef9d3000 r-xp 00000000 08:01 3408577                    /lib/x86_64-linux-gnu/libnss_files-2.27.so
7f84ef9d3000-7f84efbd2000 ---p 0000b000 08:01 3408577                    /lib/x86_64-linux-gnu/libnss_files-2.27.so
7f84efbd2000-7f84efbd3000 r--p 0000a000 08:01 3408577                    /lib/x86_64-linux-gnu/libnss_files-2.27.so
7f84efbd3000-7f84efbd4000 rw-p 0000b000 08:01 3408577                    /lib/x86_64-linux-gnu/libnss_files-2.27.so
7f84efbd4000-7f84efbda000 rw-p 00000000 00:00 0 
7f84efbda000-7f84efbf1000 r-xp 00000000 08:01 3408457                    /lib/x86_64-linux-gnu/libnsl-2.27.so
7f84efbf1000-7f84efdf0000 ---p 00017000 08:01 3408457                    /lib/x86_64-linux-gnu/libnsl-2.27.so
7f84efdf0000-7f84efdf1000 r--p 00016000 08:01 3408457                    /lib/x86_64-linux-gnu/libnsl-2.27.so
7f84efdf1000-7f84efdf2000 rw-p 00017000 08:01 3408457                    /lib/x86_64-linux-gnu/libnsl-2.27.so
7f84efdf2000-7f84efdf4000 rw-p 00000000 00:00 0 
7f84efdf4000-7f84efdff000 r-xp 00000000 08:01 3409666                    /lib/x86_64-linux-gnu/libnss_nis-2.27.so
7f84efdff000-7f84efffe000 ---p 0000b000 08:01 3409666                    /lib/x86_64-linux-gnu/libnss_nis-2.27.so
7f84efffe000-7f84effff000 r--p 0000a000 08:01 3409666                    /lib/x86_64-linux-gnu/libnss_nis-2.27.so
7f84effff000-7f84f0000000 rw-p 0000b000 08:01 3409666                    /lib/x86_64-linux-gnu/libnss_nis-2.27.so
7f84f0000000-7f84f0588000 rw-p 00000000 00:00 0 
7f84f0588000-7f84f4000000 ---p 00000000 00:00 0 
7f84f4040000-7f84f40d7000 rw-p 00000000 00:00 0 
7f84f40d7000-7f84f41ac000 ---p 00000000 00:00 0 
7f84f41ac000-7f84f41b4000 r-xp 00000000 08:01 3408458                    /lib/x86_64-linux-gnu/libnss_compat-2.27.so
7f84f41b4000-7f84f43b4000 ---p 00008000 08:01 3408458                    /lib/x86_64-linux-gnu/libnss_compat-2.27.so
7f84f43b4000-7f84f43b5000 r--p 00008000 08:01 3408458                    /lib/x86_64-linux-gnu/libnss_compat-2.27.so
7f84f43b5000-7f84f43b6000 rw-p 00009000 08:01 3408458                    /lib/x86_64-linux-gnu/libnss_compat-2.27.so
7f84f43b6000-7f84f6fb6000 r--s 00000000 08:01 7739362                    /home/suraj/.vscode/extensions/redhat.java-1.4.0/jre/17.0.2-linux-x86_64/lib/modules
7f84f6fb6000-7f84f6fd1000 r-xp 00000000 08:01 7739344                    /home/suraj/.vscode/extensions/redhat.java-1.4.0/jre/17.0.2-linux-x86_64/lib/libjimage.so
7f84f6fd1000-7f84f71d0000 ---p 0001b000 08:01 7739344                    /home/suraj/.vscode/extensions/redhat.java-1.4.0/jre/17.0.2-linux-x86_64/lib/libjimage.so
7f84f71d0000-7f84f71d2000 r--p 0001a000 08:01 7739344                    /home/suraj/.vscode/extensions/redhat.java-1.4.0/jre/17.0.2-linux-x86_64/lib/libjimage.so
7f84f71d2000-7f84f71d3000 rw-p 0001c000 08:01 7739344                    /home/suraj/.vscode/extensions/redhat.java-1.4.0/jre/17.0.2-linux-x86_64/lib/libjimage.so
7f84f71d3000-7f84f7370000 r-xp 00000000 08:01 3408454                    /lib/x86_64-linux-gnu/libm-2.27.so
7f84f7370000-7f84f756f000 ---p 0019d000 08:01 3408454                    /lib/x86_64-linux-gnu/libm-2.27.so
7f84f756f000-7f84f7570000 r--p 0019c000 08:01 3408454                    /lib/x86_64-linux-gnu/libm-2.27.so
7f84f7570000-7f84f7571000 rw-p 0019d000 08:01 3408454                    /lib/x86_64-linux-gnu/libm-2.27.so
7f84f7571000-7f84f7578000 r-xp 00000000 08:01 3409676                    /lib/x86_64-linux-gnu/librt-2.27.so
7f84f7578000-7f84f7777000 ---p 00007000 08:01 3409676                    /lib/x86_64-linux-gnu/librt-2.27.so
7f84f7777000-7f84f7778000 r--p 00006000 08:01 3409676                    /lib/x86_64-linux-gnu/librt-2.27.so
7f84f7778000-7f84f7779000 rw-p 00007000 08:01 3409676                    /lib/x86_64-linux-gnu/librt-2.27.so
7f84f7779000-7f84f8a5d000 r-xp 00000000 08:01 7739404                    /home/suraj/.vscode/extensions/redhat.java-1.4.0/jre/17.0.2-linux-x86_64/lib/server/libjvm.so
7f84f8a5d000-7f84f8c5d000 ---p 012e4000 08:01 7739404                    /home/suraj/.vscode/extensions/redhat.java-1.4.0/jre/17.0.2-linux-x86_64/lib/server/libjvm.so
7f84f8c5d000-7f84f8d16000 r--p 012e4000 08:01 7739404                    /home/suraj/.vscode/extensions/redhat.java-1.4.0/jre/17.0.2-linux-x86_64/lib/server/libjvm.so
7f84f8d16000-7f84f8d4b000 rw-p 0139d000 08:01 7739404                    /home/suraj/.vscode/extensions/redhat.java-1.4.0/jre/17.0.2-linux-x86_64/lib/server/libjvm.so
7f84f8d4b000-7f84f8da4000 rw-p 00000000 00:00 0 
7f84f8da4000-7f84f8f8b000 r-xp 00000000 08:01 3408116                    /lib/x86_64-linux-gnu/libc-2.27.so
7f84f8f8b000-7f84f918b000 ---p 001e7000 08:01 3408116                    /lib/x86_64-linux-gnu/libc-2.27.so
7f84f918b000-7f84f918f000 r--p 001e7000 08:01 3408116                    /lib/x86_64-linux-gnu/libc-2.27.so
7f84f918f000-7f84f9191000 rw-p 001eb000 08:01 3408116                    /lib/x86_64-linux-gnu/libc-2.27.so
7f84f9191000-7f84f9195000 rw-p 00000000 00:00 0 
7f84f9195000-7f84f9198000 r-xp 00000000 08:01 3408415                    /lib/x86_64-linux-gnu/libdl-2.27.so
7f84f9198000-7f84f9397000 ---p 00003000 08:01 3408415                    /lib/x86_64-linux-gnu/libdl-2.27.so
7f84f9397000-7f84f9398000 r--p 00002000 08:01 3408415                    /lib/x86_64-linux-gnu/libdl-2.27.so
7f84f9398000-7f84f9399000 rw-p 00003000 08:01 3408415                    /lib/x86_64-linux-gnu/libdl-2.27.so
7f84f9399000-7f84f93b3000 r-xp 00000000 08:01 3409674                    /lib/x86_64-linux-gnu/libpthread-2.27.so
7f84f93b3000-7f84f95b2000 ---p 0001a000 08:01 3409674                    /lib/x86_64-linux-gnu/libpthread-2.27.so
7f84f95b2000-7f84f95b3000 r--p 00019000 08:01 3409674                    /lib/x86_64-linux-gnu/libpthread-2.27.so
7f84f95b3000-7f84f95b4000 rw-p 0001a000 08:01 3409674                    /lib/x86_64-linux-gnu/libpthread-2.27.so
7f84f95b4000-7f84f95b8000 rw-p 00000000 00:00 0 
7f84f95b8000-7f84f95c7000 r-xp 00000000 08:01 7739345                    /home/suraj/.vscode/extensions/redhat.java-1.4.0/jre/17.0.2-linux-x86_64/lib/libjli.so
7f84f95c7000-7f84f97c7000 ---p 0000f000 08:01 7739345                    /home/suraj/.vscode/extensions/redhat.java-1.4.0/jre/17.0.2-linux-x86_64/lib/libjli.so
7f84f97c7000-7f84f97c8000 r--p 0000f000 08:01 7739345                    /home/suraj/.vscode/extensions/redhat.java-1.4.0/jre/17.0.2-linux-x86_64/lib/libjli.so
7f84f97c8000-7f84f97c9000 rw-p 00010000 08:01 7739345                    /home/suraj/.vscode/extensions/redhat.java-1.4.0/jre/17.0.2-linux-x86_64/lib/libjli.so
7f84f97c9000-7f84f97e5000 r-xp 00000000 08:01 3407918                    /lib/x86_64-linux-gnu/libz.so.1.2.11
7f84f97e5000-7f84f99e4000 ---p 0001c000 08:01 3407918                    /lib/x86_64-linux-gnu/libz.so.1.2.11
7f84f99e4000-7f84f99e5000 r--p 0001b000 08:01 3407918                    /lib/x86_64-linux-gnu/libz.so.1.2.11
7f84f99e5000-7f84f99e6000 rw-p 0001c000 08:01 3407918                    /lib/x86_64-linux-gnu/libz.so.1.2.11
7f84f99e6000-7f84f9a0f000 r-xp 00000000 08:01 3408072                    /lib/x86_64-linux-gnu/ld-2.27.so
7f84f9a19000-7f84f9a20000 r--s 00000000 08:01 7873978                    /usr/lib/x86_64-linux-gnu/gconv/gconv-modules.cache
7f84f9a20000-7f84f9a24000 ---p 00000000 00:00 0 
7f84f9a24000-7f84f9af2000 rw-p 00000000 00:00 0 
7f84f9af2000-7f84f9af6000 ---p 00000000 00:00 0 
7f84f9af6000-7f84f9bf5000 rw-p 00000000 00:00 0 
7f84f9bf6000-7f84f9bfb000 rw-p 00000000 00:00 0 
7f84f9bfb000-7f84f9c02000 ---p 00000000 00:00 0 
7f84f9c02000-7f84f9c0a000 rw-s 00000000 08:01 1442244                    /tmp/hsperfdata_suraj/12629
7f84f9c0a000-7f84f9c0b000 ---p 00000000 00:00 0 
7f84f9c0b000-7f84f9c0c000 r--p 00000000 00:00 0 
7f84f9c0c000-7f84f9c0d000 ---p 00000000 00:00 0 
7f84f9c0d000-7f84f9c0f000 rw-p 00000000 00:00 0 
7f84f9c0f000-7f84f9c10000 r--p 00029000 08:01 3408072                    /lib/x86_64-linux-gnu/ld-2.27.so
7f84f9c10000-7f84f9c11000 rw-p 0002a000 08:01 3408072                    /lib/x86_64-linux-gnu/ld-2.27.so
7f84f9c11000-7f84f9c12000 rw-p 00000000 00:00 0 
7ffc72ce1000-7ffc72d03000 rw-p 00000000 00:00 0                          [stack]
7ffc72d8f000-7ffc72d92000 r--p 00000000 00:00 0                          [vvar]
7ffc72d92000-7ffc72d94000 r-xp 00000000 00:00 0                          [vdso]
ffffffffff600000-ffffffffff601000 r-xp 00000000 00:00 0                  [vsyscall]


VM Arguments:
jvm_args: --add-modules=ALL-SYSTEM --add-opens=java.base/java.util=ALL-UNNAMED --add-opens=java.base/java.lang=ALL-UNNAMED --add-opens=java.base/sun.nio.fs=ALL-UNNAMED -Declipse.application=org.eclipse.jdt.ls.core.id1 -Dosgi.bundles.defaultStartLevel=4 -Declipse.product=org.eclipse.jdt.ls.core.product -Djava.import.generatesMetadataFilesAtProjectRoot=false -Dfile.encoding=utf8 -XX:+UseParallelGC -XX:GCTimeRatio=4 -XX:AdaptiveSizePolicyWeight=90 -Dsun.zip.disableMemoryMapping=true -Xmx1G -Xms100m -XX:+HeapDumpOnOutOfMemoryError -XX:HeapDumpPath=/home/suraj/.config/Code/User/workspaceStorage/6afc52e8689ae157cf4025eba6baaa20/redhat.java 
java_command: /home/suraj/.vscode/extensions/redhat.java-1.4.0/server/plugins/org.eclipse.equinox.launcher_1.6.400.v20210924-0641.jar -configuration /home/suraj/.config/Code/User/globalStorage/redhat.java/1.4.0/config_linux -data /home/suraj/.config/Code/User/workspaceStorage/6afc52e8689ae157cf4025eba6baaa20/redhat.java/jdt_ws
java_class_path (initial): /home/suraj/.vscode/extensions/redhat.java-1.4.0/server/plugins/org.eclipse.equinox.launcher_1.6.400.v20210924-0641.jar
Launcher Type: SUN_STANDARD

[Global flags]
    uintx AdaptiveSizePolicyWeight                 = 90                                        {product} {command line}
     intx CICompilerCount                          = 3                                         {product} {ergonomic}
    uintx GCTimeRatio                              = 4                                         {product} {command line}
     bool HeapDumpOnOutOfMemoryError               = true                                   {manageable} {command line}
    ccstr HeapDumpPath                             = /home/suraj/.config/Code/User/workspaceStorage/6afc52e8689ae157cf4025eba6baaa20/redhat.java         {manageable} {command line}
   size_t InitialHeapSize                          = 104857600                                 {product} {command line}
   size_t MaxHeapSize                              = 1073741824                                {product} {command line}
   size_t MaxNewSize                               = 357564416                                 {product} {ergonomic}
   size_t MinHeapDeltaBytes                        = 524288                                    {product} {ergonomic}
   size_t MinHeapSize                              = 104857600                                 {product} {command line}
   size_t NewSize                                  = 34603008                                  {product} {ergonomic}
    uintx NonNMethodCodeHeapSize                   = 5832780                                {pd product} {ergonomic}
    uintx NonProfiledCodeHeapSize                  = 122912730                              {pd product} {ergonomic}
   size_t OldSize                                  = 70254592                                  {product} {ergonomic}
    uintx ProfiledCodeHeapSize                     = 122912730                              {pd product} {ergonomic}
    uintx ReservedCodeCacheSize                    = 251658240                              {pd product} {ergonomic}
     bool SegmentedCodeCache                       = true                                      {product} {ergonomic}
   size_t SoftMaxHeapSize                          = 1073741824                             {manageable} {ergonomic}
     bool UseCompressedClassPointers               = true                           {product lp64_product} {ergonomic}
     bool UseCompressedOops                        = true                           {product lp64_product} {ergonomic}
     bool UseParallelGC                            = true                                      {product} {command line}

Logging:
Log output configuration:
 #0: stdout all=warning uptime,level,tags
 #1: stderr all=off uptime,level,tags

Environment Variables:
PATH=/home/suraj/.local/bin:/usr/local/sbin:/usr/local/bin:/usr/sbin:/usr/bin:/sbin:/bin:/usr/games:/usr/local/games:/snap/bin
USERNAME=suraj
SHELL=/bin/bash
DISPLAY=:0
LANG=en_IN

Signal Handlers:
   SIGSEGV: crash_handler in libjvm.so, mask=11100100010111111101111111111110, flags=SA_RESTART|SA_SIGINFO
    SIGBUS: crash_handler in libjvm.so, mask=11100100010111111101111111111110, flags=SA_RESTART|SA_SIGINFO
    SIGFPE: crash_handler in libjvm.so, mask=11100100010111111101111111111110, flags=SA_RESTART|SA_SIGINFO
   SIGPIPE: javaSignalHandler in libjvm.so, mask=11100100010111111101111111111110, flags=SA_RESTART|SA_SIGINFO
   SIGXFSZ: javaSignalHandler in libjvm.so, mask=11100100010111111101111111111110, flags=SA_RESTART|SA_SIGINFO
    SIGILL: crash_handler in libjvm.so, mask=11100100010111111101111111111110, flags=SA_RESTART|SA_SIGINFO
   SIGUSR2: SR_handler in libjvm.so, mask=00000000000000000000000000000000, flags=SA_RESTART|SA_SIGINFO
    SIGHUP: UserHandler in libjvm.so, mask=11100100010111111101111111111110, flags=SA_RESTART|SA_SIGINFO
    SIGINT: UserHandler in libjvm.so, mask=11100100010111111101111111111110, flags=SA_RESTART|SA_SIGINFO
   SIGTERM: UserHandler in libjvm.so, mask=11100100010111111101111111111110, flags=SA_RESTART|SA_SIGINFO
   SIGQUIT: UserHandler in libjvm.so, mask=11100100010111111101111111111110, flags=SA_RESTART|SA_SIGINFO
   SIGTRAP: crash_handler in libjvm.so, mask=11100100010111111101111111111110, flags=SA_RESTART|SA_SIGINFO


---------------  S Y S T E M  ---------------

OS:
DISTRIB_ID=Ubuntu
DISTRIB_RELEASE=18.04
DISTRIB_CODENAME=bionic
DISTRIB_DESCRIPTION="Ubuntu 18.04.6 LTS"
uname: Linux 4.15.0-176-generic #185-Ubuntu SMP Tue Mar 29 17:40:04 UTC 2022 x86_64
OS uptime: 1 days 16:12 hours
libc: glibc 2.27 NPTL 2.27 
rlimit (soft/hard): STACK 8192k/infinity , CORE 0k/infinity , NPROC 30848/30848 , NOFILE 1048576/1048576 , AS infinity/infinity , CPU infinity/infinity , DATA infinity/infinity , FSIZE infinity/infinity , MEMLOCK 65536k/65536k
load average: 31.23 9.88 4.32

/proc/meminfo:
MemTotal:        7946440 kB
MemFree:          112460 kB
MemAvailable:      67832 kB
Buffers:            3688 kB
Cached:           461744 kB
SwapCached:         1164 kB
Active:          5934212 kB
Inactive:        1458336 kB
Active(anon):    5886032 kB
Inactive(anon):  1384136 kB
Active(file):      48180 kB
Inactive(file):    74200 kB
Unevictable:         660 kB
Mlocked:             660 kB
SwapTotal:       2097148 kB
SwapFree:              0 kB
Dirty:               216 kB
Writeback:            16 kB
AnonPages:       6927224 kB
Mapped:           113180 kB
Shmem:            342456 kB
Slab:             206424 kB
SReclaimable:      70920 kB
SUnreclaim:       135504 kB
KernelStack:       22112 kB
PageTables:        96896 kB
NFS_Unstable:          0 kB
Bounce:                0 kB
WritebackTmp:          0 kB
CommitLimit:     6070368 kB
Committed_AS:   20440348 kB
VmallocTotal:   34359738367 kB
VmallocUsed:           0 kB
VmallocChunk:          0 kB
HardwareCorrupted:     0 kB
AnonHugePages:         0 kB
ShmemHugePages:        0 kB
ShmemPmdMapped:        0 kB
CmaTotal:              0 kB
CmaFree:               0 kB
HugePages_Total:       0
HugePages_Free:        0
HugePages_Rsvd:        0
HugePages_Surp:        0
Hugepagesize:       2048 kB
DirectMap4k:      560756 kB
DirectMap2M:     7604224 kB
DirectMap1G:     1048576 kB

/sys/kernel/mm/transparent_hugepage/enabled: always [madvise] never
/sys/kernel/mm/transparent_hugepage/defrag (defrag/compaction efforts parameter): always defer defer+madvise [madvise] never

Process Memory:
Virtual Size: 4665208K (peak: 4784280K)
Resident Set Size: 516688K (peak: 517188K) (anon: 516688K, file: 0K, shmem: 0K)
Swapped out: 0K
C-Heap outstanding allocations: 35198K

/proc/sys/kernel/threads-max (system-wide limit on the number of threads): 61696
/proc/sys/vm/max_map_count (maximum number of memory map areas a process may have): 262144
/proc/sys/kernel/pid_max (system-wide limit on number of process identifiers): 32768

container (cgroup) information:
container_type: cgroupv1
cpu_cpuset_cpus: 0-3
cpu_memory_nodes: 0
active_processor_count: 4
cpu_quota: no quota
cpu_period: 100000
cpu_shares: no shares
memory_limit_in_bytes: unlimited
memory_and_swap_limit_in_bytes: not supported
memory_soft_limit_in_bytes: unlimited
memory_usage_in_bytes: 4432863232
memory_max_usage_in_bytes: 4457598976

Steal ticks since vm start: 0
Steal ticks percentage since vm start:  0.000

CPU: total 4 (initial active 4) (2 cores per cpu, 2 threads per core) family 6 model 78 stepping 3 microcode 0xea, cx8, cmov, fxsr, ht, mmx, 3dnowpref, sse, sse2, sse3, ssse3, sse4.1, sse4.2, popcnt, lzcnt, tsc, tscinvbit, avx, avx2, aes, erms, clmul, bmi1, bmi2, adx, fma, vzeroupper, clflush, clflushopt
CPU Model and flags from /proc/cpuinfo:
model name	: Intel(R) Core(TM) i3-6006U CPU @ 2.00GHz
flags		: fpu vme de pse tsc msr pae mce cx8 apic sep mtrr pge mca cmov pat pse36 clflush dts acpi mmx fxsr sse sse2 ss ht tm pbe syscall nx pdpe1gb rdtscp lm constant_tsc art arch_perfmon pebs bts rep_good nopl xtopology nonstop_tsc cpuid aperfmperf pni pclmulqdq dtes64 monitor ds_cpl vmx est tm2 ssse3 sdbg fma cx16 xtpr pdcm pcid sse4_1 sse4_2 x2apic movbe popcnt tsc_deadline_timer aes xsave avx f16c rdrand lahf_lm abm 3dnowprefetch cpuid_fault invpcid_single pti ssbd ibrs ibpb stibp tpr_shadow vnmi flexpriority ept vpid fsgsbase tsc_adjust bmi1 avx2 smep bmi2 erms invpcid mpx rdseed adx smap clflushopt intel_pt xsaveopt xsavec xgetbv1 xsaves dtherm arat pln pts hwp hwp_notify hwp_act_window hwp_epp md_clear flush_l1d

Online cpus: 0-3
Offline cpus: 
BIOS frequency limitation: <Not Available>
Frequency switch latency (ns): 0
Available cpu frequencies: <Not Available>
Current governor: powersave
Core performance/turbo boost: <Not Available>

Memory: 4k page, physical 7946440k(111220k free), swap 2097148k(0k free)
Page Sizes: 4k

vm_info: OpenJDK 64-Bit Server VM (17.0.2+8) for linux-amd64 JRE (17.0.2+8), built on Jan 20 2022 09:56:58 by "" with gcc 7.5.0

END.
